<?xml version="1.0" encoding="UTF-8"?>
<!-- Generated by org.testng.reporters.JUnitReportReporter -->
<testsuite hostname="DESKTOP-A1OC3DI" failures="0" tests="1" name="automation.RestAPITest" time="0.023" errors="0" timestamp="2021-09-29T00:24:02 IST" skipped="0">
  <testcase classname="automation.RestAPITest" name="PostmanTest" time="0.023"/>
  <system-out/>
</testsuite> <!-- automation.RestAPITest -->
