<?xml version="1.0" encoding="UTF-8"?>
<!-- Generated by org.testng.reporters.JUnitReportReporter -->
<testsuite hostname="DESKTOP-A1OC3DI" failures="0" tests="2" name="automation.RestAPITest" time="0.001" errors="0" timestamp="2021-09-04T13:23:08 IST" skipped="0">
  <testcase classname="automation.RestAPITest" name="SoapTest" time="0.001"/>
  <system-out/>
  <testcase classname="automation.RestAPITest" name="PostmanTest" time="0.000"/>
  <system-out/>
</testsuite> <!-- automation.RestAPITest -->
