<?xml version="1.0" encoding="UTF-8"?>
<!-- Generated by org.testng.reporters.JUnitReportReporter -->
<testsuite hostname="DESKTOP-A1OC3DI" failures="0" tests="2" name="automation.SeleniumTest" time="0.011" errors="0" timestamp="2021-09-04T13:23:08 IST" skipped="0">
  <testcase classname="automation.SeleniumTest" name="WebAutomation" time="0.001"/>
  <system-out/>
  <testcase classname="automation.SeleniumTest" name="DeskAutomation" time="0.010"/>
  <system-out/>
</testsuite> <!-- automation.SeleniumTest -->
