<?xml version="1.0" encoding="UTF-8"?>
<!-- Generated by org.testng.reporters.JUnitReportReporter -->
<testsuite hostname="DESKTOP-A1OC3DI" failures="0" tests="2" name="automation.AppiumTest" time="0.002" errors="0" timestamp="2021-09-04T13:23:08 IST" skipped="0">
  <testcase classname="automation.AppiumTest" name="AndroidTest" time="0.001"/>
  <system-out/>
  <testcase classname="automation.AppiumTest" name="IosApps" time="0.001"/>
  <system-out/>
</testsuite> <!-- automation.AppiumTest -->
